[FAIL] <20260331040659.401397-5-tangtao1634@phytium.com.cn>
[FAIL] <20260331060731.82641-1-guobin@linux.alibaba.com>
[FAIL] <20260331070401.1125840-1-alex.bennee@linaro.org>
[FAIL] <20260331095302.644608-7-marcandre.lureau@redhat.com>
[FAIL] <20260331092305.2062580-1-peter.maydell@linaro.org>
[FAIL] <20260331065831.423094-1-pbonzini@redhat.com>
[FAIL] <20260331102608.60882-1-kwolf@redhat.com>
[FAIL] <20260331095950.512326-1-pbonzini@redhat.com>
[FAIL] <20260331131514.21152-12-philmd@linaro.org>
[FAIL] <20260331134721.96047-1-maxpain@linux.com>
[FAIL] <20260331150352.256332-7-kwolf@redhat.com>
[FAIL] <20260331140347.653404-1-cohuck@redhat.com>
[FAIL] <20260331110135.92883-1-machadovilaca@gmail.com>
[FAIL] <20260331152856.1802-1-maxpain@linux.com>
[FAIL] <20260331203337.1376879-1-jsnow@redhat.com>
[FAIL] <20260331185219.12187-9-deller@kernel.org>
[FAIL] <20260401010231.4166776-12-nathanc@nvidia.com>
[FAIL] <20260331173656.35305-4-xukl2019@sjtu.edu.cn>
[FAIL] <20260401015705.3009762-3-maobibo@loongson.cn>
[FAIL] <20260331170823.72511-6-soumyajyotisarkar23@gmail.com>
[FAIL] <20260331070401.1125840-1-alex.bennee@linaro.org>
[FAIL] <20260331060731.82641-1-guobin@linux.alibaba.com>
[FAIL] <20260331092305.2062580-1-peter.maydell@linaro.org>
[FAIL] <20260331065831.423094-1-pbonzini@redhat.com>
[FAIL] <20260331095302.644608-7-marcandre.lureau@redhat.com>
[FAIL] <20260331102608.60882-1-kwolf@redhat.com>
[FAIL] <20260331095950.512326-1-pbonzini@redhat.com>
[FAIL] <20260331131514.21152-12-philmd@linaro.org>
[FAIL] <20260331140347.653404-1-cohuck@redhat.com>
[FAIL] <20260331134721.96047-1-maxpain@linux.com>
[FAIL] <20260331150352.256332-7-kwolf@redhat.com>
[FAIL] <20260331152856.1802-1-maxpain@linux.com>
[FAIL] <20260331185219.12187-9-deller@kernel.org>
[FAIL] <20260331110135.92883-1-machadovilaca@gmail.com>
[FAIL] <20260331203337.1376879-1-jsnow@redhat.com>
[FAIL] <20260331170823.72511-6-soumyajyotisarkar23@gmail.com>
[FAIL] <20260401015705.3009762-3-maobibo@loongson.cn>
[FAIL] <20260401010231.4166776-12-nathanc@nvidia.com>
[FAIL] <20260331173656.35305-4-xukl2019@sjtu.edu.cn>
[FAIL] <20260331102608.60882-1-kwolf@redhat.com>
[FAIL] <20260331092305.2062580-1-peter.maydell@linaro.org>
[FAIL] <20260331095302.644608-7-marcandre.lureau@redhat.com>
[FAIL] <20260331095950.512326-1-pbonzini@redhat.com>
[FAIL] <20260331140347.653404-1-cohuck@redhat.com>
[FAIL] <20260331131514.21152-12-philmd@linaro.org>
[FAIL] <20260331134721.96047-1-maxpain@linux.com>
[FAIL] <20260331152856.1802-1-maxpain@linux.com>
[FAIL] <20260331150352.256332-7-kwolf@redhat.com>
[FAIL] <20260331110135.92883-1-machadovilaca@gmail.com>
[FAIL] <20260331185219.12187-9-deller@kernel.org>
[FAIL] <20260331203337.1376879-1-jsnow@redhat.com>
[FAIL] <20260331170823.72511-6-soumyajyotisarkar23@gmail.com>
[FAIL] <20260401015705.3009762-3-maobibo@loongson.cn>
[FAIL] <20260331173656.35305-4-xukl2019@sjtu.edu.cn>
[FAIL] <20260401010231.4166776-12-nathanc@nvidia.com>
[FAIL] <20260331102608.60882-1-kwolf@redhat.com>
[FAIL] <20260331095302.644608-7-marcandre.lureau@redhat.com>
[FAIL] <20260331092305.2062580-1-peter.maydell@linaro.org>
[FAIL] <20260331095950.512326-1-pbonzini@redhat.com>
[FAIL] <20260331134721.96047-1-maxpain@linux.com>
[FAIL] <20260331131514.21152-12-philmd@linaro.org>
[FAIL] <20260331140347.653404-1-cohuck@redhat.com>
[FAIL] <20260331150352.256332-7-kwolf@redhat.com>
[FAIL] <20260331152856.1802-1-maxpain@linux.com>
[FAIL] <20260331110135.92883-1-machadovilaca@gmail.com>
[FAIL] <20260331185219.12187-9-deller@kernel.org>
[FAIL] <20260331203337.1376879-1-jsnow@redhat.com>
[FAIL] <20260331170823.72511-6-soumyajyotisarkar23@gmail.com>
[FAIL] <20260401015705.3009762-3-maobibo@loongson.cn>
[FAIL] <20260401080354.1347212-1-zhenzhong.duan@intel.com>
[FAIL] <20260331173656.35305-4-xukl2019@sjtu.edu.cn>
[FAIL] <20260401082754.96320-1-xieyi@kylinos.cn>
[FAIL] <20260401010231.4166776-12-nathanc@nvidia.com>
[FAIL] <20260401084133.56266-1-skolothumtho@nvidia.com>
[FAIL] <20260401092013epcms2p83c7820868e2df41be226ab178e816983@epcms2p8>
[FAIL] <20260331134721.96047-1-maxpain@linux.com>
[FAIL] <20260331131514.21152-12-philmd@linaro.org>
[FAIL] <20260331150352.256332-7-kwolf@redhat.com>
[FAIL] <20260331140347.653404-1-cohuck@redhat.com>
[FAIL] <20260331152856.1802-1-maxpain@linux.com>
[FAIL] <20260331185219.12187-9-deller@kernel.org>
[FAIL] <20260331203337.1376879-1-jsnow@redhat.com>
[FAIL] <20260331173656.35305-4-xukl2019@sjtu.edu.cn>
[FAIL] <20260331170823.72511-6-soumyajyotisarkar23@gmail.com>
[FAIL] <20260401010231.4166776-12-nathanc@nvidia.com>
[FAIL] <20260401015705.3009762-3-maobibo@loongson.cn>
[FAIL] <20260401080354.1347212-1-zhenzhong.duan@intel.com>
[FAIL] <20260401082754.96320-1-xieyi@kylinos.cn>
[FAIL] <20260401095024.1562621-4-kraxel@redhat.com>
[FAIL] <20260401094848.2661985-7-peter.maydell@linaro.org>
[FAIL] <20260401092013epcms2p83c7820868e2df41be226ab178e816983@epcms2p8>
[FAIL] <20260401084133.56266-1-skolothumtho@nvidia.com>
[FAIL] <20260401100005.20651-1-guobin@linux.alibaba.com>
