[FAIL] <20260330091310.42868-1-zhaoguohan@kylinos.cn>
[FAIL] <20260330102815.6759-8-thuth@redhat.com>
[FAIL] <20260330090944.1008027-8-lulu@redhat.com>
[FAIL] <20260330095226.158386-6-dtalexundeer@yandex-team.ru>
[FAIL] <20260330114853.638753-3-clg@redhat.com>
[FAIL] <20260330113906.168002-8-kkostiuk@redhat.com>
[FAIL] <20260330113436epcms2p2501e3cc236194ac83832914eb08eea3a@epcms2p2>
[FAIL] <20260330121635.49205-1-kwolf@redhat.com>
[FAIL] <20260330-igvm_fixes-v1-3-03587a5a808b@redhat.com>
[FAIL] <20260330115017.256211-13-pbonzini@redhat.com>
[FAIL] <20260330130104.85200-1-Stepan.Popov@kaspersky.com>
[FAIL] <20260330131406.87080-1-Stepan.Popov@kaspersky.com>
[FAIL] <20260330122917.468225-1-kdutta@redhat.com>
[FAIL] <20260330140656.46FE55969F2@zero.eik.bme.hu>
[FAIL] <20260330141818.286412-1-pbonzini@redhat.com>
[FAIL] <20260330140655.31EC55968DE@zero.eik.bme.hu>
[FAIL] <20260330143123.1685142-3-peter.maydell@linaro.org>
[FAIL] <20260330151309.1786787-1-peter.maydell@linaro.org>
[FAIL] <20260330151437.1787008-1-peter.maydell@linaro.org>
[FAIL] <20260330162250.97380-1-Stepan.Popov@kaspersky.com>
[FAIL] <20260330151941.2207789-1-eashurov@redhat.com>
[FAIL] <20260330151313.66318-1-maxpain@linux.com>
[FAIL] <20260330193428.1663253-4-jon@nutanix.com>
[FAIL] <20260330185236.1905636-6-peter.maydell@linaro.org>
[FAIL] <20260330190508.8634-4-farosas@suse.de>
[FAIL] <20260330193451.76037-1-maxpain@linux.com>
[FAIL] <20260330192701.75780-1-maxpain@linux.com>
[FAIL] <20260330203533.B18EE5968DE@zero.eik.bme.hu>
[FAIL] <541ffffdaa4c67b9dcbca6c2498e69b137bce95d.1774904832.git.balaton@eik.bme.hu>
[FAIL] <20260330-fast-snapshot-refactor-v1-3-22143e70c467@gmail.com>
[FAIL] <20260330211859.19317-12-deller@kernel.org>
[FAIL] <20260330204015.963A85969EC@zero.eik.bme.hu>
[FAIL] <20260330222900.982404-1-alex.bennee@linaro.org>
[FAIL] <20260330212817.992673-3-alejandro.j.jimenez@oracle.com>
[FAIL] <20260330091310.42868-1-zhaoguohan@kylinos.cn>
[FAIL] <20260330113436epcms2p2501e3cc236194ac83832914eb08eea3a@epcms2p2>
[FAIL] <20260330102815.6759-8-thuth@redhat.com>
[FAIL] <20260330114853.638753-3-clg@redhat.com>
[FAIL] <20260330095226.158386-6-dtalexundeer@yandex-team.ru>
[FAIL] <20260330113906.168002-8-kkostiuk@redhat.com>
[FAIL] <20260330121635.49205-1-kwolf@redhat.com>
[FAIL] <20260330115017.256211-13-pbonzini@redhat.com>
[FAIL] <20260330130104.85200-1-Stepan.Popov@kaspersky.com>
[FAIL] <20260330-igvm_fixes-v1-3-03587a5a808b@redhat.com>
[FAIL] <20260330122917.468225-1-kdutta@redhat.com>
[FAIL] <20260330131406.87080-1-Stepan.Popov@kaspersky.com>
[FAIL] <20260330140656.46FE55969F2@zero.eik.bme.hu>
[FAIL] <20260330140655.31EC55968DE@zero.eik.bme.hu>
[FAIL] <20260330141818.286412-1-pbonzini@redhat.com>
[FAIL] <20260330151309.1786787-1-peter.maydell@linaro.org>
[FAIL] <20260330151437.1787008-1-peter.maydell@linaro.org>
[FAIL] <20260330143123.1685142-3-peter.maydell@linaro.org>
[FAIL] <20260330162250.97380-1-Stepan.Popov@kaspersky.com>
[FAIL] <20260330151313.66318-1-maxpain@linux.com>
[FAIL] <20260330185236.1905636-6-peter.maydell@linaro.org>
[FAIL] <20260330151941.2207789-1-eashurov@redhat.com>
[FAIL] <20260330193428.1663253-4-jon@nutanix.com>
[FAIL] <20260330190508.8634-4-farosas@suse.de>
[FAIL] <20260330193451.76037-1-maxpain@linux.com>
[FAIL] <20260330192701.75780-1-maxpain@linux.com>
[FAIL] <20260330203533.B18EE5968DE@zero.eik.bme.hu>
[FAIL] <20260330-fast-snapshot-refactor-v1-3-22143e70c467@gmail.com>
[FAIL] <541ffffdaa4c67b9dcbca6c2498e69b137bce95d.1774904832.git.balaton@eik.bme.hu>
[FAIL] <20260330211859.19317-12-deller@kernel.org>
[FAIL] <20260330204015.963A85969EC@zero.eik.bme.hu>
[FAIL] <20260330222900.982404-1-alex.bennee@linaro.org>
[FAIL] <20260330212817.992673-3-alejandro.j.jimenez@oracle.com>
[FAIL] <20260331040659.401397-5-tangtao1634@phytium.com.cn>
[FAIL] <20260330102815.6759-8-thuth@redhat.com>
[FAIL] <20260330113906.168002-8-kkostiuk@redhat.com>
[FAIL] <20260330113436epcms2p2501e3cc236194ac83832914eb08eea3a@epcms2p2>
[FAIL] <20260330095226.158386-6-dtalexundeer@yandex-team.ru>
[FAIL] <20260330114853.638753-3-clg@redhat.com>
[FAIL] <20260330115017.256211-13-pbonzini@redhat.com>
[FAIL] <20260330121635.49205-1-kwolf@redhat.com>
[FAIL] <20260330130104.85200-1-Stepan.Popov@kaspersky.com>
[FAIL] <20260330-igvm_fixes-v1-3-03587a5a808b@redhat.com>
[FAIL] <20260330131406.87080-1-Stepan.Popov@kaspersky.com>
[FAIL] <20260330140656.46FE55969F2@zero.eik.bme.hu>
[FAIL] <20260330141818.286412-1-pbonzini@redhat.com>
[FAIL] <20260330122917.468225-1-kdutta@redhat.com>
[FAIL] <20260330151309.1786787-1-peter.maydell@linaro.org>
[FAIL] <20260330151437.1787008-1-peter.maydell@linaro.org>
[FAIL] <20260330140655.31EC55968DE@zero.eik.bme.hu>
[FAIL] <20260330143123.1685142-3-peter.maydell@linaro.org>
[FAIL] <20260330162250.97380-1-Stepan.Popov@kaspersky.com>
[FAIL] <20260330151941.2207789-1-eashurov@redhat.com>
[FAIL] <20260330185236.1905636-6-peter.maydell@linaro.org>
[FAIL] <20260330193428.1663253-4-jon@nutanix.com>
[FAIL] <20260330151313.66318-1-maxpain@linux.com>
[FAIL] <20260330190508.8634-4-farosas@suse.de>
[FAIL] <20260330192701.75780-1-maxpain@linux.com>
[FAIL] <20260330203533.B18EE5968DE@zero.eik.bme.hu>
[FAIL] <20260330-fast-snapshot-refactor-v1-3-22143e70c467@gmail.com>
[FAIL] <20260330193451.76037-1-maxpain@linux.com>
[FAIL] <20260330211859.19317-12-deller@kernel.org>
[FAIL] <20260330204015.963A85969EC@zero.eik.bme.hu>
[FAIL] <541ffffdaa4c67b9dcbca6c2498e69b137bce95d.1774904832.git.balaton@eik.bme.hu>
[FAIL] <20260330222900.982404-1-alex.bennee@linaro.org>
[FAIL] <20260330212817.992673-3-alejandro.j.jimenez@oracle.com>
[FAIL] <20260331060731.82641-1-guobin@linux.alibaba.com>
[FAIL] <20260331040659.401397-5-tangtao1634@phytium.com.cn>
[FAIL] <20260331070401.1125840-1-alex.bennee@linaro.org>
[FAIL] <20260331065831.423094-1-pbonzini@redhat.com>
[FAIL] <20260330102815.6759-8-thuth@redhat.com>
[FAIL] <20260330114853.638753-3-clg@redhat.com>
[FAIL] <20260330113906.168002-8-kkostiuk@redhat.com>
[FAIL] <20260330113436epcms2p2501e3cc236194ac83832914eb08eea3a@epcms2p2>
[FAIL] <20260330095226.158386-6-dtalexundeer@yandex-team.ru>
[FAIL] <20260330121635.49205-1-kwolf@redhat.com>
[FAIL] <20260330115017.256211-13-pbonzini@redhat.com>
[FAIL] <20260330-igvm_fixes-v1-3-03587a5a808b@redhat.com>
[FAIL] <20260330130104.85200-1-Stepan.Popov@kaspersky.com>
[FAIL] <20260330131406.87080-1-Stepan.Popov@kaspersky.com>
[FAIL] <20260330122917.468225-1-kdutta@redhat.com>
[FAIL] <20260330140656.46FE55969F2@zero.eik.bme.hu>
[FAIL] <20260330141818.286412-1-pbonzini@redhat.com>
[FAIL] <20260330140655.31EC55968DE@zero.eik.bme.hu>
[FAIL] <20260330151309.1786787-1-peter.maydell@linaro.org>
[FAIL] <20260330151437.1787008-1-peter.maydell@linaro.org>
[FAIL] <20260330143123.1685142-3-peter.maydell@linaro.org>
[FAIL] <20260330162250.97380-1-Stepan.Popov@kaspersky.com>
[FAIL] <20260330185236.1905636-6-peter.maydell@linaro.org>
[FAIL] <20260330151313.66318-1-maxpain@linux.com>
[FAIL] <20260330151941.2207789-1-eashurov@redhat.com>
[FAIL] <20260330193428.1663253-4-jon@nutanix.com>
[FAIL] <20260330192701.75780-1-maxpain@linux.com>
[FAIL] <20260330193451.76037-1-maxpain@linux.com>
[FAIL] <20260330190508.8634-4-farosas@suse.de>
[FAIL] <20260330-fast-snapshot-refactor-v1-3-22143e70c467@gmail.com>
[FAIL] <20260330211859.19317-12-deller@kernel.org>
[FAIL] <541ffffdaa4c67b9dcbca6c2498e69b137bce95d.1774904832.git.balaton@eik.bme.hu>
[FAIL] <20260330203533.B18EE5968DE@zero.eik.bme.hu>
[FAIL] <20260330204015.963A85969EC@zero.eik.bme.hu>
[FAIL] <20260330222900.982404-1-alex.bennee@linaro.org>
[FAIL] <20260330212817.992673-3-alejandro.j.jimenez@oracle.com>
[FAIL] <20260331060731.82641-1-guobin@linux.alibaba.com>
[FAIL] <20260331070401.1125840-1-alex.bennee@linaro.org>
[FAIL] <20260331065831.423094-1-pbonzini@redhat.com>
[FAIL] <20260331040659.401397-5-tangtao1634@phytium.com.cn>
[FAIL] <20260330114853.638753-3-clg@redhat.com>
[FAIL] <20260330113906.168002-8-kkostiuk@redhat.com>
[FAIL] <20260330121635.49205-1-kwolf@redhat.com>
[FAIL] <20260330113436epcms2p2501e3cc236194ac83832914eb08eea3a@epcms2p2>
[FAIL] <20260330115017.256211-13-pbonzini@redhat.com>
[FAIL] <20260330130104.85200-1-Stepan.Popov@kaspersky.com>
[FAIL] <20260330-igvm_fixes-v1-3-03587a5a808b@redhat.com>
[FAIL] <20260330131406.87080-1-Stepan.Popov@kaspersky.com>
[FAIL] <20260330122917.468225-1-kdutta@redhat.com>
[FAIL] <20260330141818.286412-1-pbonzini@redhat.com>
[FAIL] <20260330140656.46FE55969F2@zero.eik.bme.hu>
[FAIL] <20260330143123.1685142-3-peter.maydell@linaro.org>
[FAIL] <20260330151309.1786787-1-peter.maydell@linaro.org>
[FAIL] <20260330140655.31EC55968DE@zero.eik.bme.hu>
[FAIL] <20260330151437.1787008-1-peter.maydell@linaro.org>
[FAIL] <20260330162250.97380-1-Stepan.Popov@kaspersky.com>
[FAIL] <20260330151941.2207789-1-eashurov@redhat.com>
[FAIL] <20260330151313.66318-1-maxpain@linux.com>
[FAIL] <20260330185236.1905636-6-peter.maydell@linaro.org>
[FAIL] <20260330193428.1663253-4-jon@nutanix.com>
[FAIL] <20260330192701.75780-1-maxpain@linux.com>
[FAIL] <20260330193451.76037-1-maxpain@linux.com>
[FAIL] <20260330-fast-snapshot-refactor-v1-3-22143e70c467@gmail.com>
[FAIL] <20260330190508.8634-4-farosas@suse.de>
[FAIL] <20260330211859.19317-12-deller@kernel.org>
[FAIL] <541ffffdaa4c67b9dcbca6c2498e69b137bce95d.1774904832.git.balaton@eik.bme.hu>
[FAIL] <20260330203533.B18EE5968DE@zero.eik.bme.hu>
[FAIL] <20260330204015.963A85969EC@zero.eik.bme.hu>
[FAIL] <20260330222900.982404-1-alex.bennee@linaro.org>
[FAIL] <20260331060731.82641-1-guobin@linux.alibaba.com>
[FAIL] <20260330212817.992673-3-alejandro.j.jimenez@oracle.com>
[FAIL] <20260331070401.1125840-1-alex.bennee@linaro.org>
[FAIL] <20260331092305.2062580-1-peter.maydell@linaro.org>
[FAIL] <20260331095302.644608-7-marcandre.lureau@redhat.com>
[FAIL] <20260331040659.401397-5-tangtao1634@phytium.com.cn>
[FAIL] <20260331065831.423094-1-pbonzini@redhat.com>
[FAIL] <20260331095950.512326-1-pbonzini@redhat.com>
[FAIL] <20260331102608.60882-1-kwolf@redhat.com>
[FAIL] <20260330131406.87080-1-Stepan.Popov@kaspersky.com>
[FAIL] <20260330130104.85200-1-Stepan.Popov@kaspersky.com>
[FAIL] <20260330140656.46FE55969F2@zero.eik.bme.hu>
[FAIL] <20260330140655.31EC55968DE@zero.eik.bme.hu>
[FAIL] <20260330141818.286412-1-pbonzini@redhat.com>
[FAIL] <20260330151309.1786787-1-peter.maydell@linaro.org>
[FAIL] <20260330143123.1685142-3-peter.maydell@linaro.org>
[FAIL] <20260330151437.1787008-1-peter.maydell@linaro.org>
[FAIL] <20260330162250.97380-1-Stepan.Popov@kaspersky.com>
[FAIL] <20260330151313.66318-1-maxpain@linux.com>
[FAIL] <20260330185236.1905636-6-peter.maydell@linaro.org>
[FAIL] <20260330151941.2207789-1-eashurov@redhat.com>
[FAIL] <20260330193428.1663253-4-jon@nutanix.com>
[FAIL] <20260330192701.75780-1-maxpain@linux.com>
[FAIL] <20260330190508.8634-4-farosas@suse.de>
[FAIL] <20260330193451.76037-1-maxpain@linux.com>
[FAIL] <20260330203533.B18EE5968DE@zero.eik.bme.hu>
[FAIL] <20260330-fast-snapshot-refactor-v1-3-22143e70c467@gmail.com>
[FAIL] <20260330211859.19317-12-deller@kernel.org>
[FAIL] <541ffffdaa4c67b9dcbca6c2498e69b137bce95d.1774904832.git.balaton@eik.bme.hu>
[FAIL] <20260330204015.963A85969EC@zero.eik.bme.hu>
[FAIL] <20260330212817.992673-3-alejandro.j.jimenez@oracle.com>
[FAIL] <20260330222900.982404-1-alex.bennee@linaro.org>
[FAIL] <20260331060731.82641-1-guobin@linux.alibaba.com>
[FAIL] <20260331070401.1125840-1-alex.bennee@linaro.org>
[FAIL] <20260331065831.423094-1-pbonzini@redhat.com>
[FAIL] <20260331092305.2062580-1-peter.maydell@linaro.org>
[FAIL] <20260331040659.401397-5-tangtao1634@phytium.com.cn>
[FAIL] <20260331102608.60882-1-kwolf@redhat.com>
[FAIL] <20260331095950.512326-1-pbonzini@redhat.com>
[FAIL] <20260331095302.644608-7-marcandre.lureau@redhat.com>
